Tue Jul 21 00:18:49 2015,190 [27897] ERROR core.ConfigDao - Exception in getValue:exception 'Doctrine_Connection_Exception' with message 'PDO Connection Error: SQLSTATE[42000] [1049] Unknown database 'orangehrm2'' in /var/www/html/symfony/lib/vendor/symfony/lib/plugins/sfDoctrinePlugin/lib/vendor/doctrine/Doctrine/Connection.php:474
Stack trace:
#0 /var/www/html/symfony/lib/vendor/symfony/lib/plugins/sfDoctrinePlugin/lib/vendor/doctrine/Doctrine/Connection/Mysql.php(101): Doctrine_Connection->connect()
#1 /var/www/html/symfony/lib/vendor/symfony/lib/plugins/sfDoctrinePlugin/lib/vendor/doctrine/Doctrine/Connection.php(1001): Doctrine_Connection_Mysql->connect()
#2 /var/www/html/symfony/lib/vendor/symfony/lib/plugins/sfDoctrinePlugin/lib/vendor/doctrine/Doctrine/Query/Abstract.php(983): Doctrine_Connection->execute('SELECT h.value ...', Array)
#3 /var/www/html/symfony/lib/vendor/symfony/lib/plugins/sfDoctrinePlugin/lib/vendor/doctrine/Doctrine/Query/Abstract.php(1033): Doctrine_Query_Abstract->_execute(Array)
#4 /var/www/html/symfony/plugins/orangehrmCorePlugin/lib/dao/ConfigDao.php(71): Doctrine_Query_Abstract->execute(Array, 6)
#5 /var/www/html/symfony/plugins/orangehrmCorePlugin/lib/service/ConfigService.php(103): ConfigDao->getValue('admin.localizat...')
#6 /var/www/html/symfony/plugins/orangehrmCorePlugin/lib/service/ConfigService.php(261): ConfigService->_getConfigValue('admin.localizat...')
#7 /var/www/html/symfony/apps/orangehrm/lib/filter/OrangeI18NFilter.php(47): ConfigService->getAdminLocalizationDefaultLanguage()
#8 /var/www/html/symfony/cache/orangehrm/prod/config/config_core_compile.yml.php(1031): OrangeI18NFilter->execute(Object(sfFilterChain))
#9 /var/www/html/symfony/apps/orangehrm/lib/filter/ExceptionCatcherFilter.php(26): sfFilterChain->execute()
#10 /var/www/html/symfony/cache/orangehrm/prod/config/config_core_compile.yml.php(1031): ExceptionCatcherFilter->execute(Object(sfFilterChain))
#11 /var/www/html/symfony/cache/orangehrm/prod/config/config_core_compile.yml.php(995): sfFilterChain->execute()
#12 /var/www/html/symfony/cache/orangehrm/prod/config/config_core_compile.yml.php(1031): sfRenderingFilter->execute(Object(sfFilterChain))
#13 /var/www/html/symfony/cache/orangehrm/prod/config/config_core_compile.yml.php(665): sfFilterChain->execute()
#14 /var/www/html/symfony/cache/orangehrm/prod/config/config_core_compile.yml.php(2352): sfController->forward('auth', 'login')
#15 /var/www/html/symfony/lib/vendor/symfony/lib/util/sfContext.class.php(170): sfFrontWebController->dispatch()
#16 /var/www/html/symfony/web/index.php(22): sfContext->dispatch()
#17 {main}
Tue Jul 21 00:18:49 2015,191 [27897] ERROR core.ConfigService - Exception in _getConfigValue:exception 'Doctrine_Connection_Exception' with message 'PDO Connection Error: SQLSTATE[42000] [1049] Unknown database 'orangehrm2'' in /var/www/html/symfony/lib/vendor/symfony/lib/plugins/sfDoctrinePlugin/lib/vendor/doctrine/Doctrine/Connection.php:474
Stack trace:
#0 /var/www/html/symfony/lib/vendor/symfony/lib/plugins/sfDoctrinePlugin/lib/vendor/doctrine/Doctrine/Connection/Mysql.php(101): Doctrine_Connection->connect()
#1 /var/www/html/symfony/lib/vendor/symfony/lib/plugins/sfDoctrinePlugin/lib/vendor/doctrine/Doctrine/Connection.php(1001): Doctrine_Connection_Mysql->connect()
#2 /var/www/html/symfony/lib/vendor/symfony/lib/plugins/sfDoctrinePlugin/lib/vendor/doctrine/Doctrine/Query/Abstract.php(983): Doctrine_Connection->execute('SELECT h.value ...', Array)
#3 /var/www/html/symfony/lib/vendor/symfony/lib/plugins/sfDoctrinePlugin/lib/vendor/doctrine/Doctrine/Query/Abstract.php(1033): Doctrine_Query_Abstract->_execute(Array)
#4 /var/www/html/symfony/plugins/orangehrmCorePlugin/lib/dao/ConfigDao.php(71): Doctrine_Query_Abstract->execute(Array, 6)
#5 /var/www/html/symfony/plugins/orangehrmCorePlugin/lib/service/ConfigService.php(103): ConfigDao->getValue('admin.localizat...')
#6 /var/www/html/symfony/plugins/orangehrmCorePlugin/lib/service/ConfigService.php(261): ConfigService->_getConfigValue('admin.localizat...')
#7 /var/www/html/symfony/apps/orangehrm/lib/filter/OrangeI18NFilter.php(47): ConfigService->getAdminLocalizationDefaultLanguage()
#8 /var/www/html/symfony/cache/orangehrm/prod/config/config_core_compile.yml.php(1031): OrangeI18NFilter->execute(Object(sfFilterChain))
#9 /var/www/html/symfony/apps/orangehrm/lib/filter/ExceptionCatcherFilter.php(26): sfFilterChain->execute()
#10 /var/www/html/symfony/cache/orangehrm/prod/config/config_core_compile.yml.php(1031): ExceptionCatcherFilter->execute(Object(sfFilterChain))
#11 /var/www/html/symfony/cache/orangehrm/prod/config/config_core_compile.yml.php(995): sfFilterChain->execute()
#12 /var/www/html/symfony/cache/orangehrm/prod/config/config_core_compile.yml.php(1031): sfRenderingFilter->execute(Object(sfFilterChain))
#13 /var/www/html/symfony/cache/orangehrm/prod/config/config_core_compile.yml.php(665): sfFilterChain->execute()
#14 /var/www/html/symfony/cache/orangehrm/prod/config/config_core_compile.yml.php(2352): sfController->forward('auth', 'login')
#15 /var/www/html/symfony/lib/vendor/symfony/lib/util/sfContext.class.php(170): sfFrontWebController->dispatch()
#16 /var/www/html/symfony/web/index.php(22): sfContext->dispatch()
#17 {main}

Next exception 'DaoException' with message 'PDO Connection Error: SQLSTATE[42000] [1049] Unknown database 'orangehrm2'' in /var/www/html/symfony/plugins/orangehrmCorePlugin/lib/dao/ConfigDao.php:76
Stack trace:
#0 /var/www/html/symfony/plugins/orangehrmCorePlugin/lib/service/ConfigService.php(103): ConfigDao->getValue('admin.localizat...')
#1 /var/www/html/symfony/plugins/orangehrmCorePlugin/lib/service/ConfigService.php(261): ConfigService->_getConfigValue('admin.localizat...')
#2 /var/www/html/symfony/apps/orangehrm/lib/filter/OrangeI18NFilter.php(47): ConfigService->getAdminLocalizationDefaultLanguage()
#3 /var/www/html/symfony/cache/orangehrm/prod/config/config_core_compile.yml.php(1031): OrangeI18NFilter->execute(Object(sfFilterChain))
#4 /var/www/html/symfony/apps/orangehrm/lib/filter/ExceptionCatcherFilter.php(26): sfFilterChain->execute()
#5 /var/www/html/symfony/cache/orangehrm/prod/config/config_core_compile.yml.php(1031): ExceptionCatcherFilter->execute(Object(sfFilterChain))
#6 /var/www/html/symfony/cache/orangehrm/prod/config/config_core_compile.yml.php(995): sfFilterChain->execute()
#7 /var/www/html/symfony/cache/orangehrm/prod/config/config_core_compile.yml.php(1031): sfRenderingFilter->execute(Object(sfFilterChain))
#8 /var/www/html/symfony/cache/orangehrm/prod/config/config_core_compile.yml.php(665): sfFilterChain->execute()
#9 /var/www/html/symfony/cache/orangehrm/prod/config/config_core_compile.yml.php(2352): sfController->forward('auth', 'login')
#10 /var/www/html/symfony/lib/vendor/symfony/lib/util/sfContext.class.php(170): sfFrontWebController->dispatch()
#11 /var/www/html/symfony/web/index.php(22): sfContext->dispatch()
#12 {main}
Tue Jul 21 00:18:49 2015,191 [27897] ERROR filter.ExceptionCatcherFilter - Uncaught Exception: exception 'Doctrine_Connection_Exception' with message 'PDO Connection Error: SQLSTATE[42000] [1049] Unknown database 'orangehrm2'' in /var/www/html/symfony/lib/vendor/symfony/lib/plugins/sfDoctrinePlugin/lib/vendor/doctrine/Doctrine/Connection.php:474
Stack trace:
#0 /var/www/html/symfony/lib/vendor/symfony/lib/plugins/sfDoctrinePlugin/lib/vendor/doctrine/Doctrine/Connection/Mysql.php(101): Doctrine_Connection->connect()
#1 /var/www/html/symfony/lib/vendor/symfony/lib/plugins/sfDoctrinePlugin/lib/vendor/doctrine/Doctrine/Connection.php(1001): Doctrine_Connection_Mysql->connect()
#2 /var/www/html/symfony/lib/vendor/symfony/lib/plugins/sfDoctrinePlugin/lib/vendor/doctrine/Doctrine/Query/Abstract.php(983): Doctrine_Connection->execute('SELECT h.value ...', Array)
#3 /var/www/html/symfony/lib/vendor/symfony/lib/plugins/sfDoctrinePlugin/lib/vendor/doctrine/Doctrine/Query/Abstract.php(1033): Doctrine_Query_Abstract->_execute(Array)
#4 /var/www/html/symfony/plugins/orangehrmCorePlugin/lib/dao/ConfigDao.php(71): Doctrine_Query_Abstract->execute(Array, 6)
#5 /var/www/html/symfony/plugins/orangehrmCorePlugin/lib/service/ConfigService.php(103): ConfigDao->getValue('admin.localizat...')
#6 /var/www/html/symfony/plugins/orangehrmCorePlugin/lib/service/ConfigService.php(261): ConfigService->_getConfigValue('admin.localizat...')
#7 /var/www/html/symfony/apps/orangehrm/lib/filter/OrangeI18NFilter.php(47): ConfigService->getAdminLocalizationDefaultLanguage()
#8 /var/www/html/symfony/cache/orangehrm/prod/config/config_core_compile.yml.php(1031): OrangeI18NFilter->execute(Object(sfFilterChain))
#9 /var/www/html/symfony/apps/orangehrm/lib/filter/ExceptionCatcherFilter.php(26): sfFilterChain->execute()
#10 /var/www/html/symfony/cache/orangehrm/prod/config/config_core_compile.yml.php(1031): ExceptionCatcherFilter->execute(Object(sfFilterChain))
#11 /var/www/html/symfony/cache/orangehrm/prod/config/config_core_compile.yml.php(995): sfFilterChain->execute()
#12 /var/www/html/symfony/cache/orangehrm/prod/config/config_core_compile.yml.php(1031): sfRenderingFilter->execute(Object(sfFilterChain))
#13 /var/www/html/symfony/cache/orangehrm/prod/config/config_core_compile.yml.php(665): sfFilterChain->execute()
#14 /var/www/html/symfony/cache/orangehrm/prod/config/config_core_compile.yml.php(2352): sfController->forward('auth', 'login')
#15 /var/www/html/symfony/lib/vendor/symfony/lib/util/sfContext.class.php(170): sfFrontWebController->dispatch()
#16 /var/www/html/symfony/web/index.php(22): sfContext->dispatch()
#17 {main}

Next exception 'DaoException' with message 'PDO Connection Error: SQLSTATE[42000] [1049] Unknown database 'orangehrm2'' in /var/www/html/symfony/plugins/orangehrmCorePlugin/lib/dao/ConfigDao.php:76
Stack trace:
#0 /var/www/html/symfony/plugins/orangehrmCorePlugin/lib/service/ConfigService.php(103): ConfigDao->getValue('admin.localizat...')
#1 /var/www/html/symfony/plugins/orangehrmCorePlugin/lib/service/ConfigService.php(261): ConfigService->_getConfigValue('admin.localizat...')
#2 /var/www/html/symfony/apps/orangehrm/lib/filter/OrangeI18NFilter.php(47): ConfigService->getAdminLocalizationDefaultLanguage()
#3 /var/www/html/symfony/cache/orangehrm/prod/config/config_core_compile.yml.php(1031): OrangeI18NFilter->execute(Object(sfFilterChain))
#4 /var/www/html/symfony/apps/orangehrm/lib/filter/ExceptionCatcherFilter.php(26): sfFilterChain->execute()
#5 /var/www/html/symfony/cache/orangehrm/prod/config/config_core_compile.yml.php(1031): ExceptionCatcherFilter->execute(Object(sfFilterChain))
#6 /var/www/html/symfony/cache/orangehrm/prod/config/config_core_compile.yml.php(995): sfFilterChain->execute()
#7 /var/www/html/symfony/cache/orangehrm/prod/config/config_core_compile.yml.php(1031): sfRenderingFilter->execute(Object(sfFilterChain))
#8 /var/www/html/symfony/cache/orangehrm/prod/config/config_core_compile.yml.php(665): sfFilterChain->execute()
#9 /var/www/html/symfony/cache/orangehrm/prod/config/config_core_compile.yml.php(2352): sfController->forward('auth', 'login')
#10 /var/www/html/symfony/lib/vendor/symfony/lib/util/sfContext.class.php(170): sfFrontWebController->dispatch()
#11 /var/www/html/symfony/web/index.php(22): sfContext->dispatch()
#12 {main}

Next exception 'CoreServiceException' with message 'PDO Connection Error: SQLSTATE[42000] [1049] Unknown database 'orangehrm2'' in /var/www/html/symfony/plugins/orangehrmCorePlugin/lib/service/ConfigService.php:106
Stack trace:
#0 /var/www/html/symfony/plugins/orangehrmCorePlugin/lib/service/ConfigService.php(261): ConfigService->_getConfigValue('admin.localizat...')
#1 /var/www/html/symfony/apps/orangehrm/lib/filter/OrangeI18NFilter.php(47): ConfigService->getAdminLocalizationDefaultLanguage()
#2 /var/www/html/symfony/cache/orangehrm/prod/config/config_core_compile.yml.php(1031): OrangeI18NFilter->execute(Object(sfFilterChain))
#3 /var/www/html/symfony/apps/orangehrm/lib/filter/ExceptionCatcherFilter.php(26): sfFilterChain->execute()
#4 /var/www/html/symfony/cache/orangehrm/prod/config/config_core_compile.yml.php(1031): ExceptionCatcherFilter->execute(Object(sfFilterChain))
#5 /var/www/html/symfony/cache/orangehrm/prod/config/config_core_compile.yml.php(995): sfFilterChain->execute()
#6 /var/www/html/symfony/cache/orangehrm/prod/config/config_core_compile.yml.php(1031): sfRenderingFilter->execute(Object(sfFilterChain))
#7 /var/www/html/symfony/cache/orangehrm/prod/config/config_core_compile.yml.php(665): sfFilterChain->execute()
#8 /var/www/html/symfony/cache/orangehrm/prod/config/config_core_compile.yml.php(2352): sfController->forward('auth', 'login')
#9 /var/www/html/symfony/lib/vendor/symfony/lib/util/sfContext.class.php(170): sfFrontWebController->dispatch()
#10 /var/www/html/symfony/web/index.php(22): sfContext->dispatch()
#11 {main}
Tue Jul 21 00:18:49 2015,201 [27897] ERROR core.ConfigDao - Exception in getValue:exception 'Doctrine_Connection_Exception' with message 'PDO Connection Error: SQLSTATE[42000] [1049] Unknown database 'orangehrm2'' in /var/www/html/symfony/lib/vendor/symfony/lib/plugins/sfDoctrinePlugin/lib/vendor/doctrine/Doctrine/Connection.php:474
Stack trace:
#0 /var/www/html/symfony/lib/vendor/symfony/lib/plugins/sfDoctrinePlugin/lib/vendor/doctrine/Doctrine/Connection/Mysql.php(101): Doctrine_Connection->connect()
#1 /var/www/html/symfony/lib/vendor/symfony/lib/plugins/sfDoctrinePlugin/lib/vendor/doctrine/Doctrine/Connection.php(1001): Doctrine_Connection_Mysql->connect()
#2 /var/www/html/symfony/lib/vendor/symfony/lib/plugins/sfDoctrinePlugin/lib/vendor/doctrine/Doctrine/Query/Abstract.php(983): Doctrine_Connection->execute('SELECT h.value ...', Array)
#3 /var/www/html/symfony/lib/vendor/symfony/lib/plugins/sfDoctrinePlugin/lib/vendor/doctrine/Doctrine/Query/Abstract.php(1033): Doctrine_Query_Abstract->_execute(Array)
#4 /var/www/html/symfony/plugins/orangehrmCorePlugin/lib/dao/ConfigDao.php(71): Doctrine_Query_Abstract->execute(Array, 6)
#5 /var/www/html/symfony/plugins/orangehrmCorePlugin/lib/service/ConfigService.php(103): ConfigDao->getValue('admin.localizat...')
#6 /var/www/html/symfony/plugins/orangehrmCorePlugin/lib/service/ConfigService.php(261): ConfigService->_getConfigValue('admin.localizat...')
#7 /var/www/html/symfony/apps/orangehrm/lib/filter/OrangeI18NFilter.php(47): ConfigService->getAdminLocalizationDefaultLanguage()
#8 /var/www/html/symfony/cache/orangehrm/prod/config/config_core_compile.yml.php(1031): OrangeI18NFilter->execute(Object(sfFilterChain))
#9 /var/www/html/symfony/apps/orangehrm/lib/filter/ExceptionCatcherFilter.php(26): sfFilterChain->execute()
#10 /var/www/html/symfony/cache/orangehrm/prod/config/config_core_compile.yml.php(1031): ExceptionCatcherFilter->execute(Object(sfFilterChain))
#11 /var/www/html/symfony/cache/orangehrm/prod/config/config_core_compile.yml.php(995): sfFilterChain->execute()
#12 /var/www/html/symfony/cache/orangehrm/prod/config/config_core_compile.yml.php(1031): sfRenderingFilter->execute(Object(sfFilterChain))
#13 /var/www/html/symfony/cache/orangehrm/prod/config/config_core_compile.yml.php(665): sfFilterChain->execute()
#14 /var/www/html/symfony/lib/vendor/symfony/lib/filter/sfBasicSecurityFilter.class.php(94): sfController->forward('auth', 'login')
#15 /var/www/html/symfony/lib/vendor/symfony/lib/filter/sfBasicSecurityFilter.class.php(55): sfBasicSecurityFilter->forwardToLoginAction()
#16 /var/www/html/symfony/cache/orangehrm/prod/config/config_core_compile.yml.php(1031): sfBasicSecurityFilter->execute(Object(sfFilterChain))
#17 /var/www/html/symfony/cache/orangehrm/prod/config/config_core_compile.yml.php(995): sfFilterChain->execute()
#18 /var/www/html/symfony/cache/orangehrm/prod/config/config_core_compile.yml.php(1031): sfRenderingFilter->execute(Object(sfFilterChain))
#19 /var/www/html/symfony/cache/orangehrm/prod/config/config_core_compile.yml.php(665): sfFilterChain->execute()
#20 /var/www/html/symfony/apps/orangehrm/lib/filter/ExceptionCatcherFilter.php(40): sfController->forward('core', 'displayMessage')
#21 /var/www/html/symfony/cache/orangehrm/prod/config/config_core_compile.yml.php(1031): ExceptionCatcherFilter->execute(Object(sfFilterChain))
#22 /var/www/html/symfony/cache/orangehrm/prod/config/config_core_compile.yml.php(995): sfFilterChain->execute()
#23 /var/www/html/symfony/cache/orangehrm/prod/config/config_core_compile.yml.php(1031): sfRenderingFilter->execute(Object(sfFilterChain))
#24 /var/www/html/symfony/cache/orangehrm/prod/config/config_core_compile.yml.php(665): sfFilterChain->execute()
#25 /var/www/html/symfony/cache/orangehrm/prod/config/config_core_compile.yml.php(2352): sfController->forward('auth', 'login')
#26 /var/www/html/symfony/lib/vendor/symfony/lib/util/sfContext.class.php(170): sfFrontWebController->dispatch()
#27 /var/www/html/symfony/web/index.php(22): sfContext->dispatch()
#28 {main}
Tue Jul 21 00:18:49 2015,201 [27897] ERROR core.ConfigService - Exception in _getConfigValue:exception 'Doctrine_Connection_Exception' with message 'PDO Connection Error: SQLSTATE[42000] [1049] Unknown database 'orangehrm2'' in /var/www/html/symfony/lib/vendor/symfony/lib/plugins/sfDoctrinePlugin/lib/vendor/doctrine/Doctrine/Connection.php:474
Stack trace:
#0 /var/www/html/symfony/lib/vendor/symfony/lib/plugins/sfDoctrinePlugin/lib/vendor/doctrine/Doctrine/Connection/Mysql.php(101): Doctrine_Connection->connect()
#1 /var/www/html/symfony/lib/vendor/symfony/lib/plugins/sfDoctrinePlugin/lib/vendor/doctrine/Doctrine/Connection.php(1001): Doctrine_Connection_Mysql->connect()
#2 /var/www/html/symfony/lib/vendor/symfony/lib/plugins/sfDoctrinePlugin/lib/vendor/doctrine/Doctrine/Query/Abstract.php(983): Doctrine_Connection->execute('SELECT h.value ...', Array)
#3 /var/www/html/symfony/lib/vendor/symfony/lib/plugins/sfDoctrinePlugin/lib/vendor/doctrine/Doctrine/Query/Abstract.php(1033): Doctrine_Query_Abstract->_execute(Array)
#4 /var/www/html/symfony/plugins/orangehrmCorePlugin/lib/dao/ConfigDao.php(71): Doctrine_Query_Abstract->execute(Array, 6)
#5 /var/www/html/symfony/plugins/orangehrmCorePlugin/lib/service/ConfigService.php(103): ConfigDao->getValue('admin.localizat...')
#6 /var/www/html/symfony/plugins/orangehrmCorePlugin/lib/service/ConfigService.php(261): ConfigService->_getConfigValue('admin.localizat...')
#7 /var/www/html/symfony/apps/orangehrm/lib/filter/OrangeI18NFilter.php(47): ConfigService->getAdminLocalizationDefaultLanguage()
#8 /var/www/html/symfony/cache/orangehrm/prod/config/config_core_compile.yml.php(1031): OrangeI18NFilter->execute(Object(sfFilterChain))
#9 /var/www/html/symfony/apps/orangehrm/lib/filter/ExceptionCatcherFilter.php(26): sfFilterChain->execute()
#10 /var/www/html/symfony/cache/orangehrm/prod/config/config_core_compile.yml.php(1031): ExceptionCatcherFilter->execute(Object(sfFilterChain))
#11 /var/www/html/symfony/cache/orangehrm/prod/config/config_core_compile.yml.php(995): sfFilterChain->execute()
#12 /var/www/html/symfony/cache/orangehrm/prod/config/config_core_compile.yml.php(1031): sfRenderingFilter->execute(Object(sfFilterChain))
#13 /var/www/html/symfony/cache/orangehrm/prod/config/config_core_compile.yml.php(665): sfFilterChain->execute()
#14 /var/www/html/symfony/lib/vendor/symfony/lib/filter/sfBasicSecurityFilter.class.php(94): sfController->forward('auth', 'login')
#15 /var/www/html/symfony/lib/vendor/symfony/lib/filter/sfBasicSecurityFilter.class.php(55): sfBasicSecurityFilter->forwardToLoginAction()
#16 /var/www/html/symfony/cache/orangehrm/prod/config/config_core_compile.yml.php(1031): sfBasicSecurityFilter->execute(Object(sfFilterChain))
#17 /var/www/html/symfony/cache/orangehrm/prod/config/config_core_compile.yml.php(995): sfFilterChain->execute()
#18 /var/www/html/symfony/cache/orangehrm/prod/config/config_core_compile.yml.php(1031): sfRenderingFilter->execute(Object(sfFilterChain))
#19 /var/www/html/symfony/cache/orangehrm/prod/config/config_core_compile.yml.php(665): sfFilterChain->execute()
#20 /var/www/html/symfony/apps/orangehrm/lib/filter/ExceptionCatcherFilter.php(40): sfController->forward('core', 'displayMessage')
#21 /var/www/html/symfony/cache/orangehrm/prod/config/config_core_compile.yml.php(1031): ExceptionCatcherFilter->execute(Object(sfFilterChain))
#22 /var/www/html/symfony/cache/orangehrm/prod/config/config_core_compile.yml.php(995): sfFilterChain->execute()
#23 /var/www/html/symfony/cache/orangehrm/prod/config/config_core_compile.yml.php(1031): sfRenderingFilter->execute(Object(sfFilterChain))
#24 /var/www/html/symfony/cache/orangehrm/prod/config/config_core_compile.yml.php(665): sfFilterChain->execute()
#25 /var/www/html/symfony/cache/orangehrm/prod/config/config_core_compile.yml.php(2352): sfController->forward('auth', 'login')
#26 /var/www/html/symfony/lib/vendor/symfony/lib/util/sfContext.class.php(170): sfFrontWebController->dispatch()
#27 /var/www/html/symfony/web/index.php(22): sfContext->dispatch()
#28 {main}

Next exception 'DaoException' with message 'PDO Connection Error: SQLSTATE[42000] [1049] Unknown database 'orangehrm2'' in /var/www/html/symfony/plugins/orangehrmCorePlugin/lib/dao/ConfigDao.php:76
Stack trace:
#0 /var/www/html/symfony/plugins/orangehrmCorePlugin/lib/service/ConfigService.php(103): ConfigDao->getValue('admin.localizat...')
#1 /var/www/html/symfony/plugins/orangehrmCorePlugin/lib/service/ConfigService.php(261): ConfigService->_getConfigValue('admin.localizat...')
#2 /var/www/html/symfony/apps/orangehrm/lib/filter/OrangeI18NFilter.php(47): ConfigService->getAdminLocalizationDefaultLanguage()
#3 /var/www/html/symfony/cache/orangehrm/prod/config/config_core_compile.yml.php(1031): OrangeI18NFilter->execute(Object(sfFilterChain))
#4 /var/www/html/symfony/apps/orangehrm/lib/filter/ExceptionCatcherFilter.php(26): sfFilterChain->execute()
#5 /var/www/html/symfony/cache/orangehrm/prod/config/config_core_compile.yml.php(1031): ExceptionCatcherFilter->execute(Object(sfFilterChain))
#6 /var/www/html/symfony/cache/orangehrm/prod/config/config_core_compile.yml.php(995): sfFilterChain->execute()
#7 /var/www/html/symfony/cache/orangehrm/prod/config/config_core_compile.yml.php(1031): sfRenderingFilter->execute(Object(sfFilterChain))
#8 /var/www/html/symfony/cache/orangehrm/prod/config/config_core_compile.yml.php(665): sfFilterChain->execute()
#9 /var/www/html/symfony/lib/vendor/symfony/lib/filter/sfBasicSecurityFilter.class.php(94): sfController->forward('auth', 'login')
#10 /var/www/html/symfony/lib/vendor/symfony/lib/filter/sfBasicSecurityFilter.class.php(55): sfBasicSecurityFilter->forwardToLoginAction()
#11 /var/www/html/symfony/cache/orangehrm/prod/config/config_core_compile.yml.php(1031): sfBasicSecurityFilter->execute(Object(sfFilterChain))
#12 /var/www/html/symfony/cache/orangehrm/prod/config/config_core_compile.yml.php(995): sfFilterChain->execute()
#13 /var/www/html/symfony/cache/orangehrm/prod/config/config_core_compile.yml.php(1031): sfRenderingFilter->execute(Object(sfFilterChain))
#14 /var/www/html/symfony/cache/orangehrm/prod/config/config_core_compile.yml.php(665): sfFilterChain->execute()
#15 /var/www/html/symfony/apps/orangehrm/lib/filter/ExceptionCatcherFilter.php(40): sfController->forward('core', 'displayMessage')
#16 /var/www/html/symfony/cache/orangehrm/prod/config/config_core_compile.yml.php(1031): ExceptionCatcherFilter->execute(Object(sfFilterChain))
#17 /var/www/html/symfony/cache/orangehrm/prod/config/config_core_compile.yml.php(995): sfFilterChain->execute()
#18 /var/www/html/symfony/cache/orangehrm/prod/config/config_core_compile.yml.php(1031): sfRenderingFilter->execute(Object(sfFilterChain))
#19 /var/www/html/symfony/cache/orangehrm/prod/config/config_core_compile.yml.php(665): sfFilterChain->execute()
#20 /var/www/html/symfony/cache/orangehrm/prod/config/config_core_compile.yml.php(2352): sfController->forward('auth', 'login')
#21 /var/www/html/symfony/lib/vendor/symfony/lib/util/sfContext.class.php(170): sfFrontWebController->dispatch()
#22 /var/www/html/symfony/web/index.php(22): sfContext->dispatch()
#23 {main}
Tue Jul 21 00:18:49 2015,201 [27897] ERROR filter.ExceptionCatcherFilter - Uncaught Exception: exception 'Doctrine_Connection_Exception' with message 'PDO Connection Error: SQLSTATE[42000] [1049] Unknown database 'orangehrm2'' in /var/www/html/symfony/lib/vendor/symfony/lib/plugins/sfDoctrinePlugin/lib/vendor/doctrine/Doctrine/Connection.php:474
Stack trace:
#0 /var/www/html/symfony/lib/vendor/symfony/lib/plugins/sfDoctrinePlugin/lib/vendor/doctrine/Doctrine/Connection/Mysql.php(101): Doctrine_Connection->connect()
#1 /var/www/html/symfony/lib/vendor/symfony/lib/plugins/sfDoctrinePlugin/lib/vendor/doctrine/Doctrine/Connection.php(1001): Doctrine_Connection_Mysql->connect()
#2 /var/www/html/symfony/lib/vendor/symfony/lib/plugins/sfDoctrinePlugin/lib/vendor/doctrine/Doctrine/Query/Abstract.php(983): Doctrine_Connection->execute('SELECT h.value ...', Array)
#3 /var/www/html/symfony/lib/vendor/symfony/lib/plugins/sfDoctrinePlugin/lib/vendor/doctrine/Doctrine/Query/Abstract.php(1033): Doctrine_Query_Abstract->_execute(Array)
#4 /var/www/html/symfony/plugins/orangehrmCorePlugin/lib/dao/ConfigDao.php(71): Doctrine_Query_Abstract->execute(Array, 6)
#5 /var/www/html/symfony/plugins/orangehrmCorePlugin/lib/service/ConfigService.php(103): ConfigDao->getValue('admin.localizat...')
#6 /var/www/html/symfony/plugins/orangehrmCorePlugin/lib/service/ConfigService.php(261): ConfigService->_getConfigValue('admin.localizat...')
#7 /var/www/html/symfony/apps/orangehrm/lib/filter/OrangeI18NFilter.php(47): ConfigService->getAdminLocalizationDefaultLanguage()
#8 /var/www/html/symfony/cache/orangehrm/prod/config/config_core_compile.yml.php(1031): OrangeI18NFilter->execute(Object(sfFilterChain))
#9 /var/www/html/symfony/apps/orangehrm/lib/filter/ExceptionCatcherFilter.php(26): sfFilterChain->execute()
#10 /var/www/html/symfony/cache/orangehrm/prod/config/config_core_compile.yml.php(1031): ExceptionCatcherFilter->execute(Object(sfFilterChain))
#11 /var/www/html/symfony/cache/orangehrm/prod/config/config_core_compile.yml.php(995): sfFilterChain->execute()
#12 /var/www/html/symfony/cache/orangehrm/prod/config/config_core_compile.yml.php(1031): sfRenderingFilter->execute(Object(sfFilterChain))
#13 /var/www/html/symfony/cache/orangehrm/prod/config/config_core_compile.yml.php(665): sfFilterChain->execute()
#14 /var/www/html/symfony/lib/vendor/symfony/lib/filter/sfBasicSecurityFilter.class.php(94): sfController->forward('auth', 'login')
#15 /var/www/html/symfony/lib/vendor/symfony/lib/filter/sfBasicSecurityFilter.class.php(55): sfBasicSecurityFilter->forwardToLoginAction()
#16 /var/www/html/symfony/cache/orangehrm/prod/config/config_core_compile.yml.php(1031): sfBasicSecurityFilter->execute(Object(sfFilterChain))
#17 /var/www/html/symfony/cache/orangehrm/prod/config/config_core_compile.yml.php(995): sfFilterChain->execute()
#18 /var/www/html/symfony/cache/orangehrm/prod/config/config_core_compile.yml.php(1031): sfRenderingFilter->execute(Object(sfFilterChain))
#19 /var/www/html/symfony/cache/orangehrm/prod/config/config_core_compile.yml.php(665): sfFilterChain->execute()
#20 /var/www/html/symfony/apps/orangehrm/lib/filter/ExceptionCatcherFilter.php(40): sfController->forward('core', 'displayMessage')
#21 /var/www/html/symfony/cache/orangehrm/prod/config/config_core_compile.yml.php(1031): ExceptionCatcherFilter->execute(Object(sfFilterChain))
#22 /var/www/html/symfony/cache/orangehrm/prod/config/config_core_compile.yml.php(995): sfFilterChain->execute()
#23 /var/www/html/symfony/cache/orangehrm/prod/config/config_core_compile.yml.php(1031): sfRenderingFilter->execute(Object(sfFilterChain))
#24 /var/www/html/symfony/cache/orangehrm/prod/config/config_core_compile.yml.php(665): sfFilterChain->execute()
#25 /var/www/html/symfony/cache/orangehrm/prod/config/config_core_compile.yml.php(2352): sfController->forward('auth', 'login')
#26 /var/www/html/symfony/lib/vendor/symfony/lib/util/sfContext.class.php(170): sfFrontWebController->dispatch()
#27 /var/www/html/symfony/web/index.php(22): sfContext->dispatch()
#28 {main}

Next exception 'DaoException' with message 'PDO Connection Error: SQLSTATE[42000] [1049] Unknown database 'orangehrm2'' in /var/www/html/symfony/plugins/orangehrmCorePlugin/lib/dao/ConfigDao.php:76
Stack trace:
#0 /var/www/html/symfony/plugins/orangehrmCorePlugin/lib/service/ConfigService.php(103): ConfigDao->getValue('admin.localizat...')
#1 /var/www/html/symfony/plugins/orangehrmCorePlugin/lib/service/ConfigService.php(261): ConfigService->_getConfigValue('admin.localizat...')
#2 /var/www/html/symfony/apps/orangehrm/lib/filter/OrangeI18NFilter.php(47): ConfigService->getAdminLocalizationDefaultLanguage()
#3 /var/www/html/symfony/cache/orangehrm/prod/config/config_core_compile.yml.php(1031): OrangeI18NFilter->execute(Object(sfFilterChain))
#4 /var/www/html/symfony/apps/orangehrm/lib/filter/ExceptionCatcherFilter.php(26): sfFilterChain->execute()
#5 /var/www/html/symfony/cache/orangehrm/prod/config/config_core_compile.yml.php(1031): ExceptionCatcherFilter->execute(Object(sfFilterChain))
#6 /var/www/html/symfony/cache/orangehrm/prod/config/config_core_compile.yml.php(995): sfFilterChain->execute()
#7 /var/www/html/symfony/cache/orangehrm/prod/config/config_core_compile.yml.php(1031): sfRenderingFilter->execute(Object(sfFilterChain))
#8 /var/www/html/symfony/cache/orangehrm/prod/config/config_core_compile.yml.php(665): sfFilterChain->execute()
#9 /var/www/html/symfony/lib/vendor/symfony/lib/filter/sfBasicSecurityFilter.class.php(94): sfController->forward('auth', 'login')
#10 /var/www/html/symfony/lib/vendor/symfony/lib/filter/sfBasicSecurityFilter.class.php(55): sfBasicSecurityFilter->forwardToLoginAction()
#11 /var/www/html/symfony/cache/orangehrm/prod/config/config_core_compile.yml.php(1031): sfBasicSecurityFilter->execute(Object(sfFilterChain))
#12 /var/www/html/symfony/cache/orangehrm/prod/config/config_core_compile.yml.php(995): sfFilterChain->execute()
#13 /var/www/html/symfony/cache/orangehrm/prod/config/config_core_compile.yml.php(1031): sfRenderingFilter->execute(Object(sfFilterChain))
#14 /var/www/html/symfony/cache/orangehrm/prod/config/config_core_compile.yml.php(665): sfFilterChain->execute()
#15 /var/www/html/symfony/apps/orangehrm/lib/filter/ExceptionCatcherFilter.php(40): sfController->forward('core', 'displayMessage')
#16 /var/www/html/symfony/cache/orangehrm/prod/config/config_core_compile.yml.php(1031): ExceptionCatcherFilter->execute(Object(sfFilterChain))
#17 /var/www/html/symfony/cache/orangehrm/prod/config/config_core_compile.yml.php(995): sfFilterChain->execute()
#18 /var/www/html/symfony/cache/orangehrm/prod/config/config_core_compile.yml.php(1031): sfRenderingFilter->execute(Object(sfFilterChain))
#19 /var/www/html/symfony/cache/orangehrm/prod/config/config_core_compile.yml.php(665): sfFilterChain->execute()
#20 /var/www/html/symfony/cache/orangehrm/prod/config/config_core_compile.yml.php(2352): sfController->forward('auth', 'login')
#21 /var/www/html/symfony/lib/vendor/symfony/lib/util/sfContext.class.php(170): sfFrontWebController->dispatch()
#22 /var/www/html/symfony/web/index.php(22): sfContext->dispatch()
#23 {main}

Next exception 'CoreServiceException' with message 'PDO Connection Error: SQLSTATE[42000] [1049] Unknown database 'orangehrm2'' in /var/www/html/symfony/plugins/orangehrmCorePlugin/lib/service/ConfigService.php:106
Stack trace:
#0 /var/www/html/symfony/plugins/orangehrmCorePlugin/lib/service/ConfigService.php(261): ConfigService->_getConfigValue('admin.localizat...')
#1 /var/www/html/symfony/apps/orangehrm/lib/filter/OrangeI18NFilter.php(47): ConfigService->getAdminLocalizationDefaultLanguage()
#2 /var/www/html/symfony/cache/orangehrm/prod/config/config_core_compile.yml.php(1031): OrangeI18NFilter->execute(Object(sfFilterChain))
#3 /var/www/html/symfony/apps/orangehrm/lib/filter/ExceptionCatcherFilter.php(26): sfFilterChain->execute()
#4 /var/www/html/symfony/cache/orangehrm/prod/config/config_core_compile.yml.php(1031): ExceptionCatcherFilter->execute(Object(sfFilterChain))
#5 /var/www/html/symfony/cache/orangehrm/prod/config/config_core_compile.yml.php(995): sfFilterChain->execute()
#6 /var/www/html/symfony/cache/orangehrm/prod/config/config_core_compile.yml.php(1031): sfRenderingFilter->execute(Object(sfFilterChain))
#7 /var/www/html/symfony/cache/orangehrm/prod/config/config_core_compile.yml.php(665): sfFilterChain->execute()
#8 /var/www/html/symfony/lib/vendor/symfony/lib/filter/sfBasicSecurityFilter.class.php(94): sfController->forward('auth', 'login')
#9 /var/www/html/symfony/lib/vendor/symfony/lib/filter/sfBasicSecurityFilter.class.php(55): sfBasicSecurityFilter->forwardToLoginAction()
#10 /var/www/html/symfony/cache/orangehrm/prod/config/config_core_compile.yml.php(1031): sfBasicSecurityFilter->execute(Object(sfFilterChain))
#11 /var/www/html/symfony/cache/orangehrm/prod/config/config_core_compile.yml.php(995): sfFilterChain->execute()
#12 /var/www/html/symfony/cache/orangehrm/prod/config/config_core_compile.yml.php(1031): sfRenderingFilter->execute(Object(sfFilterChain))
#13 /var/www/html/symfony/cache/orangehrm/prod/config/config_core_compile.yml.php(665): sfFilterChain->execute()
#14 /var/www/html/symfony/apps/orangehrm/lib/filter/ExceptionCatcherFilter.php(40): sfController->forward('core', 'displayMessage')
#15 /var/www/html/symfony/cache/orangehrm/prod/config/config_core_compile.yml.php(1031): ExceptionCatcherFilter->execute(Object(sfFilterChain))
#16 /var/www/html/symfony/cache/orangehrm/prod/config/config_core_compile.yml.php(995): sfFilterChain->execute()
#17 /var/www/html/symfony/cache/orangehrm/prod/config/config_core_compile.yml.php(1031): sfRenderingFilter->execute(Object(sfFilterChain))
#18 /var/www/html/symfony/cache/orangehrm/prod/config/config_core_compile.yml.php(665): sfFilterChain->execute()
#19 /var/www/html/symfony/cache/orangehrm/prod/config/config_core_compile.yml.php(2352): sfController->forward('auth', 'login')
#20 /var/www/html/symfony/lib/vendor/symfony/lib/util/sfContext.class.php(170): sfFrontWebController->dispatch()
#21 /var/www/html/symfony/web/index.php(22): sfContext->dispatch()
#22 {main}
Tue Jul 21 00:18:49 2015,207 [27897] ERROR core.ConfigDao - Exception in getValue:exception 'Doctrine_Connection_Exception' with message 'PDO Connection Error: SQLSTATE[42000] [1049] Unknown database 'orangehrm2'' in /var/www/html/symfony/lib/vendor/symfony/lib/plugins/sfDoctrinePlugin/lib/vendor/doctrine/Doctrine/Connection.php:474
Stack trace:
#0 /var/www/html/symfony/lib/vendor/symfony/lib/plugins/sfDoctrinePlugin/lib/vendor/doctrine/Doctrine/Connection/Mysql.php(101): Doctrine_Connection->connect()
#1 /var/www/html/symfony/lib/vendor/symfony/lib/plugins/sfDoctrinePlugin/lib/vendor/doctrine/Doctrine/Connection.php(1001): Doctrine_Connection_Mysql->connect()
#2 /var/www/html/symfony/lib/vendor/symfony/lib/plugins/sfDoctrinePlugin/lib/vendor/doctrine/Doctrine/Query/Abstract.php(983): Doctrine_Connection->execute('SELECT h.value ...', Array)
#3 /var/www/html/symfony/lib/vendor/symfony/lib/plugins/sfDoctrinePlugin/lib/vendor/doctrine/Doctrine/Query/Abstract.php(1033): Doctrine_Query_Abstract->_execute(Array)
#4 /var/www/html/symfony/plugins/orangehrmCorePlugin/lib/dao/ConfigDao.php(71): Doctrine_Query_Abstract->execute(Array, 6)
#5 /var/www/html/symfony/plugins/orangehrmCorePlugin/lib/service/ConfigService.php(103): ConfigDao->getValue('admin.localizat...')
#6 /var/www/html/symfony/plugins/orangehrmCorePlugin/lib/service/ConfigService.php(261): ConfigService->_getConfigValue('admin.localizat...')
#7 /var/www/html/symfony/apps/orangehrm/lib/filter/OrangeI18NFilter.php(47): ConfigService->getAdminLocalizationDefaultLanguage()
#8 /var/www/html/symfony/cache/orangehrm/prod/config/config_core_compile.yml.php(1031): OrangeI18NFilter->execute(Object(sfFilterChain))
#9 /var/www/html/symfony/apps/orangehrm/lib/filter/ExceptionCatcherFilter.php(26): sfFilterChain->execute()
#10 /var/www/html/symfony/cache/orangehrm/prod/config/config_core_compile.yml.php(1031): ExceptionCatcherFilter->execute(Object(sfFilterChain))
#11 /var/www/html/symfony/cache/orangehrm/prod/config/config_core_compile.yml.php(995): sfFilterChain->execute()
#12 /var/www/html/symfony/cache/orangehrm/prod/config/config_core_compile.yml.php(1031): sfRenderingFilter->execute(Object(sfFilterChain))
#13 /var/www/html/symfony/cache/orangehrm/prod/config/config_core_compile.yml.php(665): sfFilterChain->execute()
#14 /var/www/html/symfony/lib/vendor/symfony/lib/filter/sfBasicSecurityFilter.class.php(94): sfController->forward('auth', 'login')
#15 /var/www/html/symfony/lib/vendor/symfony/lib/filter/sfBasicSecurityFilter.class.php(55): sfBasicSecurityFilter->forwardToLoginAction()
#16 /var/www/html/symfony/cache/orangehrm/prod/config/config_core_compile.yml.php(1031): sfBasicSecurityFilter->execute(Object(sfFilterChain))
#17 /var/www/html/symfony/cache/orangehrm/prod/config/config_core_compile.yml.php(995): sfFilterChain->execute()
#18 /var/www/html/symfony/cache/orangehrm/prod/config/config_core_compile.yml.php(1031): sfRenderingFilter->execute(Object(sfFilterChain))
#19 /var/www/html/symfony/cache/orangehrm/prod/config/config_core_compile.yml.php(665): sfFilterChain->execute()
#20 /var/www/html/symfony/apps/orangehrm/lib/filter/ExceptionCatcherFilter.php(40): sfController->forward('core', 'displayMessage')
#21 /var/www/html/symfony/cache/orangehrm/prod/config/config_core_compile.yml.php(1031): ExceptionCatcherFilter->execute(Object(sfFilterChain))
#22 /var/www/html/symfony/cache/orangehrm/prod/config/config_core_compile.yml.php(995): sfFilterChain->execute()
#23 /var/www/html/symfony/cache/orangehrm/prod/config/config_core_compile.yml.php(1031): sfRenderingFilter->execute(Object(sfFilterChain))
#24 /var/www/html/symfony/cache/orangehrm/prod/config/config_core_compile.yml.php(665): sfFilterChain->execute()
#25 /var/www/html/symfony/lib/vendor/symfony/lib/filter/sfBasicSecurityFilter.class.php(94): sfController->forward('auth', 'login')
#26 /var/www/html/symfony/lib/vendor/symfony/lib/filter/sfBasicSecurityFilter.class.php(55): sfBasicSecurityFilter->forwardToLoginAction()
#27 /var/www/html/symfony/cache/orangehrm/prod/config/config_core_compile.yml.php(1031): sfBasicSecurityFilter->execute(Object(sfFilterChain))
#28 /var/www/html/symfony/cache/orangehrm/prod/config/config_core_compile.yml.php(995): sfFilterChain->execute()
#29 /var/www/html/symfony/cache/orangehrm/prod/config/config_core_compile.yml.php(1031): sfRenderingFilter->execute(Object(sfFilterChain))
#30 /var/www/html/symfony/cache/orangehrm/prod/config/config_core_compile.yml.php(665): sfFilterChain->execute()
#31 /var/www/html/symfony/apps/orangehrm/lib/filter/ExceptionCatcherFilter.php(40): sfController->forward('core', 'displayMessage')
#32 /var/www/html/symfony/cache/orangehrm/prod/config/config_core_compile.yml.php(1031): ExceptionCatcherFilter->execute(Object(sfFilterChain))
#33 /var/www/html/symfony/cache/orangehrm/prod/config/config_core_compile.yml.php(995): sfFilterChain->execute()
#34 /var/www/html/symfony/cache/orangehrm/prod/config/config_core_compile.yml.php(1031): sfRenderingFilter->execute(Object(sfFilterChain))
#35 /var/www/html/symfony/cache/orangehrm/prod/config/config_core_compile.yml.php(665): sfFilterChain->execute()
#36 /var/www/html/symfony/cache/orangehrm/prod/config/config_core_compile.yml.php(2352): sfController->forward('auth', 'login')
#37 /var/www/html/symfony/lib/vendor/symfony/lib/util/sfContext.class.php(170): sfFrontWebController->dispatch()
#38 /var/www/html/symfony/web/index.php(22): sfContext->dispatch()
#39 {main}
Tue Jul 21 00:18:49 2015,207 [27897] ERROR core.ConfigService - Exception in _getConfigValue:exception 'Doctrine_Connection_Exception' with message 'PDO Connection Error: SQLSTATE[42000] [1049] Unknown database 'orangehrm2'' in /var/www/html/symfony/lib/vendor/symfony/lib/plugins/sfDoctrinePlugin/lib/vendor/doctrine/Doctrine/Connection.php:474
Stack trace:
#0 /var/www/html/symfony/lib/vendor/symfony/lib/plugins/sfDoctrinePlugin/lib/vendor/doctrine/Doctrine/Connection/Mysql.php(101): Doctrine_Connection->connect()
#1 /var/www/html/symfony/lib/vendor/symfony/lib/plugins/sfDoctrinePlugin/lib/vendor/doctrine/Doctrine/Connection.php(1001): Doctrine_Connection_Mysql->connect()
#2 /var/www/html/symfony/lib/vendor/symfony/lib/plugins/sfDoctrinePlugin/lib/vendor/doctrine/Doctrine/Query/Abstract.php(983): Doctrine_Connection->execute('SELECT h.value ...', Array)
#3 /var/www/html/symfony/lib/vendor/symfony/lib/plugins/sfDoctrinePlugin/lib/vendor/doctrine/Doctrine/Query/Abstract.php(1033): Doctrine_Query_Abstract->_execute(Array)
#4 /var/www/html/symfony/plugins/orangehrmCorePlugin/lib/dao/ConfigDao.php(71): Doctrine_Query_Abstract->execute(Array, 6)
#5 /var/www/html/symfony/plugins/orangehrmCorePlugin/lib/service/ConfigService.php(103): ConfigDao->getValue('admin.localizat...')
#6 /var/www/html/symfony/plugins/orangehrmCorePlugin/lib/service/ConfigService.php(261): ConfigService->_getConfigValue('admin.localizat...')
#7 /var/www/html/symfony/apps/orangehrm/lib/filter/OrangeI18NFilter.php(47): ConfigService->getAdminLocalizationDefaultLanguage()
#8 /var/www/html/symfony/cache/orangehrm/prod/config/config_core_compile.yml.php(1031): OrangeI18NFilter->execute(Object(sfFilterChain))
#9 /var/www/html/symfony/apps/orangehrm/lib/filter/ExceptionCatcherFilter.php(26): sfFilterChain->execute()
#10 /var/www/html/symfony/cache/orangehrm/prod/config/config_core_compile.yml.php(1031): ExceptionCatcherFilter->execute(Object(sfFilterChain))
#11 /var/www/html/symfony/cache/orangehrm/prod/config/config_core_compile.yml.php(995): sfFilterChain->execute()
#12 /var/www/html/symfony/cache/orangehrm/prod/config/config_core_compile.yml.php(1031): sfRenderingFilter->execute(Object(sfFilterChain))
#13 /var/www/html/symfony/cache/orangehrm/prod/config/config_core_compile.yml.php(665): sfFilterChain->execute()
#14 /var/www/html/symfony/lib/vendor/symfony/lib/filter/sfBasicSecurityFilter.class.php(94): sfController->forward('auth', 'login')
#15 /var/www/html/symfony/lib/vendor/symfony/lib/filter/sfBasicSecurityFilter.class.php(55): sfBasicSecurityFilter->forwardToLoginAction()
#16 /var/www/html/symfony/cache/orangehrm/prod/config/config_core_compile.yml.php(1031): sfBasicSecurityFilter->execute(Object(sfFilterChain))
#17 /var/www/html/symfony/cache/orangehrm/prod/config/config_core_compile.yml.php(995): sfFilterChain->execute()
#18 /var/www/html/symfony/cache/orangehrm/prod/config/config_core_compile.yml.php(1031): sfRenderingFilter->execute(Object(sfFilterChain))
#19 /var/www/html/symfony/cache/orangehrm/prod/config/config_core_compile.yml.php(665): sfFilterChain->execute()
#20 /var/www/html/symfony/apps/orangehrm/lib/filter/ExceptionCatcherFilter.php(40): sfController->forward('core', 'displayMessage')
#21 /var/www/html/symfony/cache/orangehrm/prod/config/config_core_compile.yml.php(1031): ExceptionCatcherFilter->execute(Object(sfFilterChain))
#22 /var/www/html/symfony/cache/orangehrm/prod/config/config_core_compile.yml.php(995): sfFilterChain->execute()
#23 /var/www/html/symfony/cache/orangehrm/prod/config/config_core_compile.yml.php(1031): sfRenderingFilter->execute(Object(sfFilterChain))
#24 /var/www/html/symfony/cache/orangehrm/prod/config/config_core_compile.yml.php(665): sfFilterChain->execute()
#25 /var/www/html/symfony/lib/vendor/symfony/lib/filter/sfBasicSecurityFilter.class.php(94): sfController->forward('auth', 'login')
#26 /var/www/html/symfony/lib/vendor/symfony/lib/filter/sfBasicSecurityFilter.class.php(55): sfBasicSecurityFilter->forwardToLoginAction()
#27 /var/www/html/symfony/cache/orangehrm/prod/config/config_core_compile.yml.php(1031): sfBasicSecurityFilter->execute(Object(sfFilterChain))
#28 /var/www/html/symfony/cache/orangehrm/prod/config/config_core_compile.yml.php(995): sfFilterChain->execute()
#29 /var/www/html/symfony/cache/orangehrm/prod/config/config_core_compile.yml.php(1031): sfRenderingFilter->execute(Object(sfFilterChain))
#30 /var/www/html/symfony/cache/orangehrm/prod/config/config_core_compile.yml.php(665): sfFilterChain->execute()
#31 /var/www/html/symfony/apps/orangehrm/lib/filter/ExceptionCatcherFilter.php(40): sfController->forward('core', 'displayMessage')
#32 /var/www/html/symfony/cache/orangehrm/prod/config/config_core_compile.yml.php(1031): ExceptionCatcherFilter->execute(Object(sfFilterChain))
#33 /var/www/html/symfony/cache/orangehrm/prod/config/config_core_compile.yml.php(995): sfFilterChain->execute()
#34 /var/www/html/symfony/cache/orangehrm/prod/config/config_core_compile.yml.php(1031): sfRenderingFilter->execute(Object(sfFilterChain))
#35 /var/www/html/symfony/cache/orangehrm/prod/config/config_core_compile.yml.php(665): sfFilterChain->execute()
#36 /var/www/html/symfony/cache/orangehrm/prod/config/config_core_compile.yml.php(2352): sfController->forward('auth', 'login')
#37 /var/www/html/symfony/lib/vendor/symfony/lib/util/sfContext.class.php(170): sfFrontWebController->dispatch()
#38 /var/www/html/symfony/web/index.php(22): sfContext->dispatch()
#39 {main}

Next exception 'DaoException' with message 'PDO Connection Error: SQLSTATE[42000] [1049] Unknown database 'orangehrm2'' in /var/www/html/symfony/plugins/orangehrmCorePlugin/lib/dao/ConfigDao.php:76
Stack trace:
#0 /var/www/html/symfony/plugins/orangehrmCorePlugin/lib/service/ConfigService.php(103): ConfigDao->getValue('admin.localizat...')
#1 /var/www/html/symfony/plugins/orangehrmCorePlugin/lib/service/ConfigService.php(261): ConfigService->_getConfigValue('admin.localizat...')
#2 /var/www/html/symfony/apps/orangehrm/lib/filter/OrangeI18NFilter.php(47): ConfigService->getAdminLocalizationDefaultLanguage()
#3 /var/www/html/symfony/cache/orangehrm/prod/config/config_core_compile.yml.php(1031): OrangeI18NFilter->execute(Object(sfFilterChain))
#4 /var/www/html/symfony/apps/orangehrm/lib/filter/ExceptionCatcherFilter.php(26): sfFilterChain->execute()
#5 /var/www/html/symfony/cache/orangehrm/prod/config/config_core_compile.yml.php(1031): ExceptionCatcherFilter->execute(Object(sfFilterChain))
#6 /var/www/html/symfony/cache/orangehrm/prod/config/config_core_compile.yml.php(995): sfFilterChain->execute()
#7 /var/www/html/symfony/cache/orangehrm/prod/config/config_core_compile.yml.php(1031): sfRenderingFilter->execute(Object(sfFilterChain))
#8 /var/www/html/symfony/cache/orangehrm/prod/config/config_core_compile.yml.php(665): sfFilterChain->execute()
#9 /var/www/html/symfony/lib/vendor/symfony/lib/filter/sfBasicSecurityFilter.class.php(94): sfController->forward('auth', 'login')
#10 /var/www/html/symfony/lib/vendor/symfony/lib/filter/sfBasicSecurityFilter.class.php(55): sfBasicSecurityFilter->forwardToLoginAction()
#11 /var/www/html/symfony/cache/orangehrm/prod/config/config_core_compile.yml.php(1031): sfBasicSecurityFilter->execute(Object(sfFilterChain))
#12 /var/www/html/symfony/cache/orangehrm/prod/config/config_core_compile.yml.php(995): sfFilterChain->execute()
#13 /var/www/html/symfony/cache/orangehrm/prod/config/config_core_compile.yml.php(1031): sfRenderingFilter->execute(Object(sfFilterChain))
#14 /var/www/html/symfony/cache/orangehrm/prod/config/config_core_compile.yml.php(665): sfFilterChain->execute()
#15 /var/www/html/symfony/apps/orangehrm/lib/filter/ExceptionCatcherFilter.php(40): sfController->forward('core', 'displayMessage')
#16 /var/www/html/symfony/cache/orangehrm/prod/config/config_core_compile.yml.php(1031): ExceptionCatcherFilter->execute(Object(sfFilterChain))
#17 /var/www/html/symfony/cache/orangehrm/prod/config/config_core_compile.yml.php(995): sfFilterChain->execute()
#18 /var/www/html/symfony/cache/orangehrm/prod/config/config_core_compile.yml.php(1031): sfRenderingFilter->execute(Object(sfFilterChain))
#19 /var/www/html/symfony/cache/orangehrm/prod/config/config_core_compile.yml.php(665): sfFilterChain->execute()
#20 /var/www/html/symfony/lib/vendor/symfony/lib/filter/sfBasicSecurityFilter.class.php(94): sfController->forward('auth', 'login')
#21 /var/www/html/symfony/lib/vendor/symfony/lib/filter/sfBasicSecurityFilter.class.php(55): sfBasicSecurityFilter->forwardToLoginAction()
#22 /var/www/html/symfony/cache/orangehrm/prod/config/config_core_compile.yml.php(1031): sfBasicSecurityFilter->execute(Object(sfFilterChain))
#23 /var/www/html/symfony/cache/orangehrm/prod/config/config_core_compile.yml.php(995): sfFilterChain->execute()
#24 /var/www/html/symfony/cache/orangehrm/prod/config/config_core_compile.yml.php(1031): sfRenderingFilter->execute(Object(sfFilterChain))
#25 /var/www/html/symfony/cache/orangehrm/prod/config/config_core_compile.yml.php(665): sfFilterChain->execute()
#26 /var/www/html/symfony/apps/orangehrm/lib/filter/ExceptionCatcherFilter.php(40): sfController->forward('core', 'displayMessage')
#27 /var/www/html/symfony/cache/orangehrm/prod/config/config_core_compile.yml.php(1031): ExceptionCatcherFilter->execute(Object(sfFilterChain))
#28 /var/www/html/symfony/cache/orangehrm/prod/config/config_core_compile.yml.php(995): sfFilterChain->execute()
#29 /var/www/html/symfony/cache/orangehrm/prod/config/config_core_compile.yml.php(1031): sfRenderingFilter->execute(Object(sfFilterChain))
#30 /var/www/html/symfony/cache/orangehrm/prod/config/config_core_compile.yml.php(665): sfFilterChain->execute()
#31 /var/www/html/symfony/cache/orangehrm/prod/config/config_core_compile.yml.php(2352): sfController->forward('auth', 'login')
#32 /var/www/html/symfony/lib/vendor/symfony/lib/util/sfContext.class.php(170): sfFrontWebController->dispatch()
#33 /var/www/html/symfony/web/index.php(22): sfContext->dispatch()
#34 {main}
Tue Jul 21 00:18:49 2015,207 [27897] ERROR filter.ExceptionCatcherFilter - Uncaught Exception: exception 'Doctrine_Connection_Exception' with message 'PDO Connection Error: SQLSTATE[42000] [1049] Unknown database 'orangehrm2'' in /var/www/html/symfony/lib/vendor/symfony/lib/plugins/sfDoctrinePlugin/lib/vendor/doctrine/Doctrine/Connection.php:474
Stack trace:
#0 /var/www/html/symfony/lib/vendor/symfony/lib/plugins/sfDoctrinePlugin/lib/vendor/doctrine/Doctrine/Connection/Mysql.php(101): Doctrine_Connection->connect()
#1 /var/www/html/symfony/lib/vendor/symfony/lib/plugins/sfDoctrinePlugin/lib/vendor/doctrine/Doctrine/Connection.php(1001): Doctrine_Connection_Mysql->connect()
#2 /var/www/html/symfony/lib/vendor/symfony/lib/plugins/sfDoctrinePlugin/lib/vendor/doctrine/Doctrine/Query/Abstract.php(983): Doctrine_Connection->execute('SELECT h.value ...', Array)
#3 /var/www/html/symfony/lib/vendor/symfony/lib/plugins/sfDoctrinePlugin/lib/vendor/doctrine/Doctrine/Query/Abstract.php(1033): Doctrine_Query_Abstract->_execute(Array)
#4 /var/www/html/symfony/plugins/orangehrmCorePlugin/lib/dao/ConfigDao.php(71): Doctrine_Query_Abstract->execute(Array, 6)
#5 /var/www/html/symfony/plugins/orangehrmCorePlugin/lib/service/ConfigService.php(103): ConfigDao->getValue('admin.localizat...')
#6 /var/www/html/symfony/plugins/orangehrmCorePlugin/lib/service/ConfigService.php(261): ConfigService->_getConfigValue('admin.localizat...')
#7 /var/www/html/symfony/apps/orangehrm/lib/filter/OrangeI18NFilter.php(47): ConfigService->getAdminLocalizationDefaultLanguage()
#8 /var/www/html/symfony/cache/orangehrm/prod/config/config_core_compile.yml.php(1031): OrangeI18NFilter->execute(Object(sfFilterChain))
#9 /var/www/html/symfony/apps/orangehrm/lib/filter/ExceptionCatcherFilter.php(26): sfFilterChain->execute()
#10 /var/www/html/symfony/cache/orangehrm/prod/config/config_core_compile.yml.php(1031): ExceptionCatcherFilter->execute(Object(sfFilterChain))
#11 /var/www/html/symfony/cache/orangehrm/prod/config/config_core_compile.yml.php(995): sfFilterChain->execute()
#12 /var/www/html/symfony/cache/orangehrm/prod/config/config_core_compile.yml.php(1031): sfRenderingFilter->execute(Object(sfFilterChain))
#13 /var/www/html/symfony/cache/orangehrm/prod/config/config_core_compile.yml.php(665): sfFilterChain->execute()
#14 /var/www/html/symfony/lib/vendor/symfony/lib/filter/sfBasicSecurityFilter.class.php(94): sfController->forward('auth', 'login')
#15 /var/www/html/symfony/lib/vendor/symfony/lib/filter/sfBasicSecurityFilter.class.php(55): sfBasicSecurityFilter->forwardToLoginAction()
#16 /var/www/html/symfony/cache/orangehrm/prod/config/config_core_compile.yml.php(1031): sfBasicSecurityFilter->execute(Object(sfFilterChain))
#17 /var/www/html/symfony/cache/orangehrm/prod/config/config_core_compile.yml.php(995): sfFilterChain->execute()
#18 /var/www/html/symfony/cache/orangehrm/prod/config/config_core_compile.yml.php(1031): sfRenderingFilter->execute(Object(sfFilterChain))
#19 /var/www/html/symfony/cache/orangehrm/prod/config/config_core_compile.yml.php(665): sfFilterChain->execute()
#20 /var/www/html/symfony/apps/orangehrm/lib/filter/ExceptionCatcherFilter.php(40): sfController->forward('core', 'displayMessage')
#21 /var/www/html/symfony/cache/orangehrm/prod/config/config_core_compile.yml.php(1031): ExceptionCatcherFilter->execute(Object(sfFilterChain))
#22 /var/www/html/symfony/cache/orangehrm/prod/config/config_core_compile.yml.php(995): sfFilterChain->execute()
#23 /var/www/html/symfony/cache/orangehrm/prod/config/config_core_compile.yml.php(1031): sfRenderingFilter->execute(Object(sfFilterChain))
#24 /var/www/html/symfony/cache/orangehrm/prod/config/config_core_compile.yml.php(665): sfFilterChain->execute()
#25 /var/www/html/symfony/lib/vendor/symfony/lib/filter/sfBasicSecurityFilter.class.php(94): sfController->forward('auth', 'login')
#26 /var/www/html/symfony/lib/vendor/symfony/lib/filter/sfBasicSecurityFilter.class.php(55): sfBasicSecurityFilter->forwardToLoginAction()
#27 /var/www/html/symfony/cache/orangehrm/prod/config/config_core_compile.yml.php(1031): sfBasicSecurityFilter->execute(Object(sfFilterChain))
#28 /var/www/html/symfony/cache/orangehrm/prod/config/config_core_compile.yml.php(995): sfFilterChain->execute()
#29 /var/www/html/symfony/cache/orangehrm/prod/config/config_core_compile.yml.php(1031): sfRenderingFilter->execute(Object(sfFilterChain))
#30 /var/www/html/symfony/cache/orangehrm/prod/config/config_core_compile.yml.php(665): sfFilterChain->execute()
#31 /var/www/html/symfony/apps/orangehrm/lib/filter/ExceptionCatcherFilter.php(40): sfController->forward('core', 'displayMessage')
#32 /var/www/html/symfony/cache/orangehrm/prod/config/config_core_compile.yml.php(1031): ExceptionCatcherFilter->execute(Object(sfFilterChain))
#33 /var/www/html/symfony/cache/orangehrm/prod/config/config_core_compile.yml.php(995): sfFilterChain->execute()
#34 /var/www/html/symfony/cache/orangehrm/prod/config/config_core_compile.yml.php(1031): sfRenderingFilter->execute(Object(sfFilterChain))
#35 /var/www/html/symfony/cache/orangehrm/prod/config/config_core_compile.yml.php(665): sfFilterChain->execute()
#36 /var/www/html/symfony/cache/orangehrm/prod/config/config_core_compile.yml.php(2352): sfController->forward('auth', 'login')
#37 /var/www/html/symfony/lib/vendor/symfony/lib/util/sfContext.class.php(170): sfFrontWebController->dispatch()
#38 /var/www/html/symfony/web/index.php(22): sfContext->dispatch()
#39 {main}

Next exception 'DaoException' with message 'PDO Connection Error: SQLSTATE[42000] [1049] Unknown database 'orangehrm2'' in /var/www/html/symfony/plugins/orangehrmCorePlugin/lib/dao/ConfigDao.php:76
Stack trace:
#0 /var/www/html/symfony/plugins/orangehrmCorePlugin/lib/service/ConfigService.php(103): ConfigDao->getValue('admin.localizat...')
#1 /var/www/html/symfony/plugins/orangehrmCorePlugin/lib/service/ConfigService.php(261): ConfigService->_getConfigValue('admin.localizat...')
#2 /var/www/html/symfony/apps/orangehrm/lib/filter/OrangeI18NFilter.php(47): ConfigService->getAdminLocalizationDefaultLanguage()
#3 /var/www/html/symfony/cache/orangehrm/prod/config/config_core_compile.yml.php(1031): OrangeI18NFilter->execute(Object(sfFilterChain))
#4 /var/www/html/symfony/apps/orangehrm/lib/filter/ExceptionCatcherFilter.php(26): sfFilterChain->execute()
#5 /var/www/html/symfony/cache/orangehrm/prod/config/config_core_compile.yml.php(1031): ExceptionCatcherFilter->execute(Object(sfFilterChain))
#6 /var/www/html/symfony/cache/orangehrm/prod/config/config_core_compile.yml.php(995): sfFilterChain->execute()
#7 /var/www/html/symfony/cache/orangehrm/prod/config/config_core_compile.yml.php(1031): sfRenderingFilter->execute(Object(sfFilterChain))
#8 /var/www/html/symfony/cache/orangehrm/prod/config/config_core_compile.yml.php(665): sfFilterChain->execute()
#9 /var/www/html/symfony/lib/vendor/symfony/lib/filter/sfBasicSecurityFilter.class.php(94): sfController->forward('auth', 'login')
#10 /var/www/html/symfony/lib/vendor/symfony/lib/filter/sfBasicSecurityFilter.class.php(55): sfBasicSecurityFilter->forwardToLoginAction()
#11 /var/www/html/symfony/cache/orangehrm/prod/config/config_core_compile.yml.php(1031): sfBasicSecurityFilter->execute(Object(sfFilterChain))
#12 /var/www/html/symfony/cache/orangehrm/prod/config/config_core_compile.yml.php(995): sfFilterChain->execute()
#13 /var/www/html/symfony/cache/orangehrm/prod/config/config_core_compile.yml.php(1031): sfRenderingFilter->execute(Object(sfFilterChain))
#14 /var/www/html/symfony/cache/orangehrm/prod/config/config_core_compile.yml.php(665): sfFilterChain->execute()
#15 /var/www/html/symfony/apps/orangehrm/lib/filter/ExceptionCatcherFilter.php(40): sfController->forward('core', 'displayMessage')
#16 /var/www/html/symfony/cache/orangehrm/prod/config/config_core_compile.yml.php(1031): ExceptionCatcherFilter->execute(Object(sfFilterChain))
#17 /var/www/html/symfony/cache/orangehrm/prod/config/config_core_compile.yml.php(995): sfFilterChain->execute()
#18 /var/www/html/symfony/cache/orangehrm/prod/config/config_core_compile.yml.php(1031): sfRenderingFilter->execute(Object(sfFilterChain))
#19 /var/www/html/symfony/cache/orangehrm/prod/config/config_core_compile.yml.php(665): sfFilterChain->execute()
#20 /var/www/html/symfony/lib/vendor/symfony/lib/filter/sfBasicSecurityFilter.class.php(94): sfController->forward('auth', 'login')
#21 /var/www/html/symfony/lib/vendor/symfony/lib/filter/sfBasicSecurityFilter.class.php(55): sfBasicSecurityFilter->forwardToLoginAction()
#22 /var/www/html/symfony/cache/orangehrm/prod/config/config_core_compile.yml.php(1031): sfBasicSecurityFilter->execute(Object(sfFilterChain))
#23 /var/www/html/symfony/cache/orangehrm/prod/config/config_core_compile.yml.php(995): sfFilterChain->execute()
#24 /var/www/html/symfony/cache/orangehrm/prod/config/config_core_compile.yml.php(1031): sfRenderingFilter->execute(Object(sfFilterChain))
#25 /var/www/html/symfony/cache/orangehrm/prod/config/config_core_compile.yml.php(665): sfFilterChain->execute()
#26 /var/www/html/symfony/apps/orangehrm/lib/filter/ExceptionCatcherFilter.php(40): sfController->forward('core', 'displayMessage')
#27 /var/www/html/symfony/cache/orangehrm/prod/config/config_core_compile.yml.php(1031): ExceptionCatcherFilter->execute(Object(sfFilterChain))
#28 /var/www/html/symfony/cache/orangehrm/prod/config/config_core_compile.yml.php(995): sfFilterChain->execute()
#29 /var/www/html/symfony/cache/orangehrm/prod/config/config_core_compile.yml.php(1031): sfRenderingFilter->execute(Object(sfFilterChain))
#30 /var/www/html/symfony/cache/orangehrm/prod/config/config_core_compile.yml.php(665): sfFilterChain->execute()
#31 /var/www/html/symfony/cache/orangehrm/prod/config/config_core_compile.yml.php(2352): sfController->forward('auth', 'login')
#32 /var/www/html/symfony/lib/vendor/symfony/lib/util/sfContext.class.php(170): sfFrontWebController->dispatch()
#33 /var/www/html/symfony/web/index.php(22): sfContext->dispatch()
#34 {main}

Next exception 'CoreServiceException' with message 'PDO Connection Error: SQLSTATE[42000] [1049] Unknown database 'orangehrm2'' in /var/www/html/symfony/plugins/orangehrmCorePlugin/lib/service/ConfigService.php:106
Stack trace:
#0 /var/www/html/symfony/plugins/orangehrmCorePlugin/lib/service/ConfigService.php(261): ConfigService->_getConfigValue('admin.localizat...')
#1 /var/www/html/symfony/apps/orangehrm/lib/filter/OrangeI18NFilter.php(47): ConfigService->getAdminLocalizationDefaultLanguage()
#2 /var/www/html/symfony/cache/orangehrm/prod/config/config_core_compile.yml.php(1031): OrangeI18NFilter->execute(Object(sfFilterChain))
#3 /var/www/html/symfony/apps/orangehrm/lib/filter/ExceptionCatcherFilter.php(26): sfFilterChain->execute()
#4 /var/www/html/symfony/cache/orangehrm/prod/config/config_core_compile.yml.php(1031): ExceptionCatcherFilter->execute(Object(sfFilterChain))
#5 /var/www/html/symfony/cache/orangehrm/prod/config/config_core_compile.yml.php(995): sfFilterChain->execute()
#6 /var/www/html/symfony/cache/orangehrm/prod/config/config_core_compile.yml.php(1031): sfRenderingFilter->execute(Object(sfFilterChain))
#7 /var/www/html/symfony/cache/orangehrm/prod/config/config_core_compile.yml.php(665): sfFilterChain->execute()
#8 /var/www/html/symfony/lib/vendor/symfony/lib/filter/sfBasicSecurityFilter.class.php(94): sfController->forward('auth', 'login')
#9 /var/www/html/symfony/lib/vendor/symfony/lib/filter/sfBasicSecurityFilter.class.php(55): sfBasicSecurityFilter->forwardToLoginAction()
#10 /var/www/html/symfony/cache/orangehrm/prod/config/config_core_compile.yml.php(1031): sfBasicSecurityFilter->execute(Object(sfFilterChain))
#11 /var/www/html/symfony/cache/orangehrm/prod/config/config_core_compile.yml.php(995): sfFilterChain->execute()
#12 /var/www/html/symfony/cache/orangehrm/prod/config/config_core_compile.yml.php(1031): sfRenderingFilter->execute(Object(sfFilterChain))
#13 /var/www/html/symfony/cache/orangehrm/prod/config/config_core_compile.yml.php(665): sfFilterChain->execute()
#14 /var/www/html/symfony/apps/orangehrm/lib/filter/ExceptionCatcherFilter.php(40): sfController->forward('core', 'displayMessage')
#15 /var/www/html/symfony/cache/orangehrm/prod/config/config_core_compile.yml.php(1031): ExceptionCatcherFilter->execute(Object(sfFilterChain))
#16 /var/www/html/symfony/cache/orangehrm/prod/config/config_core_compile.yml.php(995): sfFilterChain->execute()
#17 /var/www/html/symfony/cache/orangehrm/prod/config/config_core_compile.yml.php(1031): sfRenderingFilter->execute(Object(sfFilterChain))
#18 /var/www/html/symfony/cache/orangehrm/prod/config/config_core_compile.yml.php(665): sfFilterChain->execute()
#19 /var/www/html/symfony/lib/vendor/symfony/lib/filter/sfBasicSecurityFilter.class.php(94): sfController->forward('auth', 'login')
#20 /var/www/html/symfony/lib/vendor/symfony/lib/filter/sfBasicSecurityFilter.class.php(55): sfBasicSecurityFilter->forwardToLoginAction()
#21 /var/www/html/symfony/cache/orangehrm/prod/config/config_core_compile.yml.php(1031): sfBasicSecurityFilter->execute(Object(sfFilterChain))
#22 /var/www/html/symfony/cache/orangehrm/prod/config/config_core_compile.yml.php(995): sfFilterChain->execute()
#23 /var/www/html/symfony/cache/orangehrm/prod/config/config_core_compile.yml.php(1031): sfRenderingFilter->execute(Object(sfFilterChain))
#24 /var/www/html/symfony/cache/orangehrm/prod/config/config_core_compile.yml.php(665): sfFilterChain->execute()
#25 /var/www/html/symfony/apps/orangehrm/lib/filter/ExceptionCatcherFilter.php(40): sfController->forward('core', 'displayMessage')
#26 /var/www/html/symfony/cache/orangehrm/prod/config/config_core_compile.yml.php(1031): ExceptionCatcherFilter->execute(Object(sfFilterChain))
#27 /var/www/html/symfony/cache/orangehrm/prod/config/config_core_compile.yml.php(995): sfFilterChain->execute()
#28 /var/www/html/symfony/cache/orangehrm/prod/config/config_core_compile.yml.php(1031): sfRenderingFilter->execute(Object(sfFilterChain))
#29 /var/www/html/symfony/cache/orangehrm/prod/config/config_core_compile.yml.php(665): sfFilterChain->execute()
#30 /var/www/html/symfony/cache/orangehrm/prod/config/config_core_compile.yml.php(2352): sfController->forward('auth', 'login')
#31 /var/www/html/symfony/lib/vendor/symfony/lib/util/sfContext.class.php(170): sfFrontWebController->dispatch()
#32 /var/www/html/symfony/web/index.php(22): sfContext->dispatch()
#33 {main}
[21-Jul-2015 00:18:49 America/New_York] Too many forwards have been detected for this request.
